10-Dec-2022 11:37:34.388 INFO [main] org.apache.catalina.startup.VersionLoggerListener.log 서버 버전 이름:    Apache Tomcat/10.0.27
10-Dec-2022 11:37:34.390 INFO [main] org.apache.catalina.startup.VersionLoggerListener.log Server 빌드 시각:  Oct 3 2022 14:18:31 UTC
10-Dec-2022 11:37:34.390 INFO [main] org.apache.catalina.startup.VersionLoggerListener.log Server 버전 번호:  10.0.27.0
10-Dec-2022 11:37:34.390 INFO [main] org.apache.catalina.startup.VersionLoggerListener.log 운영체제 이름:     Mac OS X
10-Dec-2022 11:37:34.390 INFO [main] org.apache.catalina.startup.VersionLoggerListener.log 운영체제 버전:     12.6
10-Dec-2022 11:37:34.390 INFO [main] org.apache.catalina.startup.VersionLoggerListener.log 아키텍처:          aarch64
10-Dec-2022 11:37:34.390 INFO [main] org.apache.catalina.startup.VersionLoggerListener.log 자바 홈:           /Library/Java/JavaVirtualMachines/jdk-19.jdk/Contents/Home
10-Dec-2022 11:37:34.390 INFO [main] org.apache.catalina.startup.VersionLoggerListener.log JVM 버전:          19.0.1+10-21
10-Dec-2022 11:37:34.390 INFO [main] org.apache.catalina.startup.VersionLoggerListener.log JVM 벤더:          Oracle Corporation
10-Dec-2022 11:37:34.390 INFO [main] org.apache.catalina.startup.VersionLoggerListener.log CATALINA_BASE:     /Users/jyw/Desktop/project/java/apache-tomcat-10.0.27
10-Dec-2022 11:37:34.390 INFO [main] org.apache.catalina.startup.VersionLoggerListener.log CATALINA_HOME:     /Users/jyw/Desktop/project/java/apache-tomcat-10.0.27
10-Dec-2022 11:37:34.398 INFO [main] org.apache.catalina.startup.VersionLoggerListener.log 명령 행 아규먼트:  -Djava.util.logging.config.file=/Users/jyw/Desktop/project/java/apache-tomcat-10.0.27/conf/logging.properties
10-Dec-2022 11:37:34.398 INFO [main] org.apache.catalina.startup.VersionLoggerListener.log 명령 행 아규먼트:  -Djava.util.logging.manager=org.apache.juli.ClassLoaderLogManager
10-Dec-2022 11:37:34.398 INFO [main] org.apache.catalina.startup.VersionLoggerListener.log 명령 행 아규먼트:  -Djdk.tls.ephemeralDHKeySize=2048
10-Dec-2022 11:37:34.398 INFO [main] org.apache.catalina.startup.VersionLoggerListener.log 명령 행 아규먼트:  -Djava.protocol.handler.pkgs=org.apache.catalina.webresources
10-Dec-2022 11:37:34.399 INFO [main] org.apache.catalina.startup.VersionLoggerListener.log 명령 행 아규먼트:  -Dorg.apache.catalina.security.SecurityListener.UMASK=0027
10-Dec-2022 11:37:34.399 INFO [main] org.apache.catalina.startup.VersionLoggerListener.log 명령 행 아규먼트:  -Dcatalina.base=/Users/jyw/Desktop/project/java/apache-tomcat-10.0.27
10-Dec-2022 11:37:34.399 INFO [main] org.apache.catalina.startup.VersionLoggerListener.log 명령 행 아규먼트:  -Dcatalina.home=/Users/jyw/Desktop/project/java/apache-tomcat-10.0.27
10-Dec-2022 11:37:34.399 INFO [main] org.apache.catalina.startup.VersionLoggerListener.log 명령 행 아규먼트:  -Djava.io.tmpdir=/Users/jyw/Desktop/project/java/apache-tomcat-10.0.27/temp
10-Dec-2022 11:37:34.403 INFO [main] org.apache.catalina.core.AprLifecycleListener.lifecycleEvent 프로덕션 환경들에서 최적의 성능을 제공하는, APR 기반 Apache Tomcat Native 라이브러리가, 다음 java.library.path에서 발견되지 않습니다: [/Users/jyw/Library/Java/Extensions:/Library/Java/Extensions:/Network/Library/Java/Extensions:/System/Library/Java/Extensions:/usr/lib/java:.]
10-Dec-2022 11:37:34.730 INFO [main] org.apache.coyote.AbstractProtocol.init 프로토콜 핸들러 ["http-nio-80"]을(를) 초기화합니다.
10-Dec-2022 11:37:34.746 INFO [main] org.apache.catalina.startup.Catalina.load [501] 밀리초 내에 서버가 초기화되었습니다.
10-Dec-2022 11:37:34.766 INFO [main] org.apache.catalina.core.StandardService.startInternal 서비스 [Catalina]을(를) 시작합니다.
10-Dec-2022 11:37:34.766 INFO [main] org.apache.catalina.core.StandardEngine.startInternal 서버 엔진을 시작합니다: [Apache Tomcat/10.0.27]
10-Dec-2022 11:37:34.933 INFO [main] org.apache.catalina.startup.HostConfig.deployDirectory 웹 애플리케이션 디렉토리 [/Users/jyw/Desktop/project/java/apache-tomcat-10.0.27/webapps/docs]을(를) 배치합니다.
10-Dec-2022 11:37:34.961 INFO [main] org.apache.catalina.startup.HostConfig.deployDirectory 웹 애플리케이션 디렉토리 [/Users/jyw/Desktop/project/java/apache-tomcat-10.0.27/webapps/docs]에 대한 배치가 [24] 밀리초에 완료되었습니다.
10-Dec-2022 11:37:34.961 INFO [main] org.apache.catalina.startup.HostConfig.deployDirectory 웹 애플리케이션 디렉토리 [/Users/jyw/Desktop/project/java/apache-tomcat-10.0.27/webapps/manager]을(를) 배치합니다.
10-Dec-2022 11:37:34.984 INFO [main] org.apache.catalina.startup.HostConfig.deployDirectory 웹 애플리케이션 디렉토리 [/Users/jyw/Desktop/project/java/apache-tomcat-10.0.27/webapps/manager]에 대한 배치가 [23] 밀리초에 완료되었습니다.
10-Dec-2022 11:37:34.984 INFO [main] org.apache.catalina.startup.HostConfig.deployDirectory 웹 애플리케이션 디렉토리 [/Users/jyw/Desktop/project/java/apache-tomcat-10.0.27/webapps/examples]을(를) 배치합니다.
10-Dec-2022 11:37:35.137 INFO [main] org.apache.catalina.startup.HostConfig.deployDirectory 웹 애플리케이션 디렉토리 [/Users/jyw/Desktop/project/java/apache-tomcat-10.0.27/webapps/examples]에 대한 배치가 [153] 밀리초에 완료되었습니다.
10-Dec-2022 11:37:35.137 INFO [main] org.apache.catalina.startup.HostConfig.deployDirectory 웹 애플리케이션 디렉토리 [/Users/jyw/Desktop/project/java/apache-tomcat-10.0.27/webapps/host-manager]을(를) 배치합니다.
10-Dec-2022 11:37:35.156 INFO [main] org.apache.catalina.startup.HostConfig.deployDirectory 웹 애플리케이션 디렉토리 [/Users/jyw/Desktop/project/java/apache-tomcat-10.0.27/webapps/host-manager]에 대한 배치가 [19] 밀리초에 완료되었습니다.
10-Dec-2022 11:37:35.159 INFO [main] org.apache.coyote.AbstractProtocol.start 프로토콜 핸들러 ["http-nio-80"]을(를) 시작합니다.
10-Dec-2022 11:37:35.168 INFO [main] org.apache.catalina.startup.Catalina.start 서버가 [420] 밀리초 내에 시작되었습니다.
10-Dec-2022 11:39:10.634 INFO [Thread-1] org.apache.coyote.AbstractProtocol.pause 프로토콜 핸들러 ["http-nio-80"]을(를) 일시 정지 중
10-Dec-2022 11:39:10.644 INFO [Thread-1] org.apache.catalina.core.StandardService.stopInternal 서비스 [Catalina]을(를) 중지시킵니다.
10-Dec-2022 11:39:10.655 WARNING [Thread-1] org.apache.catalina.loader.WebappClassLoaderBase.checkThreadLocalsForLeaks Java 9 환경에서 실행할 때에는, ThreadLocal 메모리 누수 탐지를 위하여, "--add-opens=java.base/java.lang=ALL-UNNAMED"를 JVM 명령 행 아규먼트들에 추가해야 합니다. 또는, ThreadLocal 메모리 누수 탐지를 사용불능 상태로 설정함으로써, 이 경고 메시지를 없앨 수도 있습니다.
10-Dec-2022 11:39:10.656 WARNING [Thread-1] org.apache.catalina.loader.WebappClassLoaderBase.clearReferencesRmiTargets Java 9에서 실행하면서 RMI Target 메모리 누수 탐지를 사용 가능하게 하려면, "--add-opens=java.rmi/sun.rmi.transport=ALL-UNNAMED"를 JVM 명령 행 아규먼트에 추가해야 합니다. 또는, RMI Target 메모리 누수 탐지를 사용불능 상태로 설정함으로써, 이 경고를 없앨 수도 있습니다.
10-Dec-2022 11:39:10.663 WARNING [Thread-1] org.apache.catalina.loader.WebappClassLoaderBase.checkThreadLocalsForLeaks Java 9 환경에서 실행할 때에는, ThreadLocal 메모리 누수 탐지를 위하여, "--add-opens=java.base/java.lang=ALL-UNNAMED"를 JVM 명령 행 아규먼트들에 추가해야 합니다. 또는, ThreadLocal 메모리 누수 탐지를 사용불능 상태로 설정함으로써, 이 경고 메시지를 없앨 수도 있습니다.
10-Dec-2022 11:39:10.663 WARNING [Thread-1] org.apache.catalina.loader.WebappClassLoaderBase.clearReferencesRmiTargets Java 9에서 실행하면서 RMI Target 메모리 누수 탐지를 사용 가능하게 하려면, "--add-opens=java.rmi/sun.rmi.transport=ALL-UNNAMED"를 JVM 명령 행 아규먼트에 추가해야 합니다. 또는, RMI Target 메모리 누수 탐지를 사용불능 상태로 설정함으로써, 이 경고를 없앨 수도 있습니다.
10-Dec-2022 11:39:10.665 WARNING [Thread-1] org.apache.catalina.loader.WebappClassLoaderBase.checkThreadLocalsForLeaks Java 9 환경에서 실행할 때에는, ThreadLocal 메모리 누수 탐지를 위하여, "--add-opens=java.base/java.lang=ALL-UNNAMED"를 JVM 명령 행 아규먼트들에 추가해야 합니다. 또는, ThreadLocal 메모리 누수 탐지를 사용불능 상태로 설정함으로써, 이 경고 메시지를 없앨 수도 있습니다.
10-Dec-2022 11:39:10.665 WARNING [Thread-1] org.apache.catalina.loader.WebappClassLoaderBase.clearReferencesRmiTargets Java 9에서 실행하면서 RMI Target 메모리 누수 탐지를 사용 가능하게 하려면, "--add-opens=java.rmi/sun.rmi.transport=ALL-UNNAMED"를 JVM 명령 행 아규먼트에 추가해야 합니다. 또는, RMI Target 메모리 누수 탐지를 사용불능 상태로 설정함으로써, 이 경고를 없앨 수도 있습니다.
10-Dec-2022 11:39:10.671 WARNING [Thread-1] org.apache.catalina.loader.WebappClassLoaderBase.checkThreadLocalsForLeaks Java 9 환경에서 실행할 때에는, ThreadLocal 메모리 누수 탐지를 위하여, "--add-opens=java.base/java.lang=ALL-UNNAMED"를 JVM 명령 행 아규먼트들에 추가해야 합니다. 또는, ThreadLocal 메모리 누수 탐지를 사용불능 상태로 설정함으로써, 이 경고 메시지를 없앨 수도 있습니다.
10-Dec-2022 11:39:10.671 WARNING [Thread-1] org.apache.catalina.loader.WebappClassLoaderBase.clearReferencesRmiTargets Java 9에서 실행하면서 RMI Target 메모리 누수 탐지를 사용 가능하게 하려면, "--add-opens=java.rmi/sun.rmi.transport=ALL-UNNAMED"를 JVM 명령 행 아규먼트에 추가해야 합니다. 또는, RMI Target 메모리 누수 탐지를 사용불능 상태로 설정함으로써, 이 경고를 없앨 수도 있습니다.
10-Dec-2022 11:39:10.673 WARNING [Thread-1] org.apache.catalina.loader.WebappClassLoaderBase.checkThreadLocalsForLeaks Java 9 환경에서 실행할 때에는, ThreadLocal 메모리 누수 탐지를 위하여, "--add-opens=java.base/java.lang=ALL-UNNAMED"를 JVM 명령 행 아규먼트들에 추가해야 합니다. 또는, ThreadLocal 메모리 누수 탐지를 사용불능 상태로 설정함으로써, 이 경고 메시지를 없앨 수도 있습니다.
10-Dec-2022 11:39:10.673 WARNING [Thread-1] org.apache.catalina.loader.WebappClassLoaderBase.clearReferencesRmiTargets Java 9에서 실행하면서 RMI Target 메모리 누수 탐지를 사용 가능하게 하려면, "--add-opens=java.rmi/sun.rmi.transport=ALL-UNNAMED"를 JVM 명령 행 아규먼트에 추가해야 합니다. 또는, RMI Target 메모리 누수 탐지를 사용불능 상태로 설정함으로써, 이 경고를 없앨 수도 있습니다.
10-Dec-2022 11:39:10.673 INFO [Thread-1] org.apache.coyote.AbstractProtocol.stop 프로토콜 핸들러 ["http-nio-80"]을(를) 중지시킵니다.
10-Dec-2022 11:39:10.688 INFO [Thread-1] org.apache.coyote.AbstractProtocol.destroy 프로토콜 핸들러 ["http-nio-80"]을(를) 소멸시킵니다.
10-Dec-2022 11:46:41.045 INFO [main] org.apache.catalina.startup.VersionLoggerListener.log 서버 버전 이름:    Apache Tomcat/10.0.27
10-Dec-2022 11:46:41.047 INFO [main] org.apache.catalina.startup.VersionLoggerListener.log Server 빌드 시각:  Oct 3 2022 14:18:31 UTC
10-Dec-2022 11:46:41.047 INFO [main] org.apache.catalina.startup.VersionLoggerListener.log Server 버전 번호:  10.0.27.0
10-Dec-2022 11:46:41.047 INFO [main] org.apache.catalina.startup.VersionLoggerListener.log 운영체제 이름:     Mac OS X
10-Dec-2022 11:46:41.047 INFO [main] org.apache.catalina.startup.VersionLoggerListener.log 운영체제 버전:     12.6
10-Dec-2022 11:46:41.047 INFO [main] org.apache.catalina.startup.VersionLoggerListener.log 아키텍처:          aarch64
10-Dec-2022 11:46:41.047 INFO [main] org.apache.catalina.startup.VersionLoggerListener.log 자바 홈:           /Library/Java/JavaVirtualMachines/jdk-19.jdk/Contents/Home
10-Dec-2022 11:46:41.047 INFO [main] org.apache.catalina.startup.VersionLoggerListener.log JVM 버전:          19.0.1+10-21
10-Dec-2022 11:46:41.047 INFO [main] org.apache.catalina.startup.VersionLoggerListener.log JVM 벤더:          Oracle Corporation
10-Dec-2022 11:46:41.047 INFO [main] org.apache.catalina.startup.VersionLoggerListener.log CATALINA_BASE:     /Users/jyw/Desktop/project/java/bbs/apache-tomcat-10.0.27
10-Dec-2022 11:46:41.047 INFO [main] org.apache.catalina.startup.VersionLoggerListener.log CATALINA_HOME:     /Users/jyw/Desktop/project/java/bbs/apache-tomcat-10.0.27
10-Dec-2022 11:46:41.056 INFO [main] org.apache.catalina.startup.VersionLoggerListener.log 명령 행 아규먼트:  -Djava.util.logging.config.file=/Users/jyw/Desktop/project/java/bbs/apache-tomcat-10.0.27/conf/logging.properties
10-Dec-2022 11:46:41.056 INFO [main] org.apache.catalina.startup.VersionLoggerListener.log 명령 행 아규먼트:  -Djava.util.logging.manager=org.apache.juli.ClassLoaderLogManager
10-Dec-2022 11:46:41.056 INFO [main] org.apache.catalina.startup.VersionLoggerListener.log 명령 행 아규먼트:  -Djdk.tls.ephemeralDHKeySize=2048
10-Dec-2022 11:46:41.056 INFO [main] org.apache.catalina.startup.VersionLoggerListener.log 명령 행 아규먼트:  -Djava.protocol.handler.pkgs=org.apache.catalina.webresources
10-Dec-2022 11:46:41.056 INFO [main] org.apache.catalina.startup.VersionLoggerListener.log 명령 행 아규먼트:  -Dorg.apache.catalina.security.SecurityListener.UMASK=0027
10-Dec-2022 11:46:41.056 INFO [main] org.apache.catalina.startup.VersionLoggerListener.log 명령 행 아규먼트:  -Dcatalina.base=/Users/jyw/Desktop/project/java/bbs/apache-tomcat-10.0.27
10-Dec-2022 11:46:41.057 INFO [main] org.apache.catalina.startup.VersionLoggerListener.log 명령 행 아규먼트:  -Dcatalina.home=/Users/jyw/Desktop/project/java/bbs/apache-tomcat-10.0.27
10-Dec-2022 11:46:41.057 INFO [main] org.apache.catalina.startup.VersionLoggerListener.log 명령 행 아규먼트:  -Djava.io.tmpdir=/Users/jyw/Desktop/project/java/bbs/apache-tomcat-10.0.27/temp
10-Dec-2022 11:46:41.061 INFO [main] org.apache.catalina.core.AprLifecycleListener.lifecycleEvent 프로덕션 환경들에서 최적의 성능을 제공하는, APR 기반 Apache Tomcat Native 라이브러리가, 다음 java.library.path에서 발견되지 않습니다: [/Users/jyw/Library/Java/Extensions:/Library/Java/Extensions:/Network/Library/Java/Extensions:/System/Library/Java/Extensions:/usr/lib/java:.]
10-Dec-2022 11:46:41.295 INFO [main] org.apache.coyote.AbstractProtocol.init 프로토콜 핸들러 ["http-nio-80"]을(를) 초기화합니다.
10-Dec-2022 11:46:41.321 INFO [main] org.apache.catalina.startup.Catalina.load [386] 밀리초 내에 서버가 초기화되었습니다.
10-Dec-2022 11:46:41.358 INFO [main] org.apache.catalina.core.StandardService.startInternal 서비스 [Catalina]을(를) 시작합니다.
10-Dec-2022 11:46:41.358 INFO [main] org.apache.catalina.core.StandardEngine.startInternal 서버 엔진을 시작합니다: [Apache Tomcat/10.0.27]
10-Dec-2022 11:46:41.535 INFO [main] org.apache.catalina.startup.HostConfig.deployDirectory 웹 애플리케이션 디렉토리 [/Users/jyw/Desktop/project/java/bbs/apache-tomcat-10.0.27/webapps/docs]을(를) 배치합니다.
10-Dec-2022 11:46:41.554 INFO [main] org.apache.catalina.startup.HostConfig.deployDirectory 웹 애플리케이션 디렉토리 [/Users/jyw/Desktop/project/java/bbs/apache-tomcat-10.0.27/webapps/docs]에 대한 배치가 [18] 밀리초에 완료되었습니다.
10-Dec-2022 11:46:41.554 INFO [main] org.apache.catalina.startup.HostConfig.deployDirectory 웹 애플리케이션 디렉토리 [/Users/jyw/Desktop/project/java/bbs/apache-tomcat-10.0.27/webapps/manager]을(를) 배치합니다.
10-Dec-2022 11:46:41.586 INFO [main] org.apache.catalina.startup.HostConfig.deployDirectory 웹 애플리케이션 디렉토리 [/Users/jyw/Desktop/project/java/bbs/apache-tomcat-10.0.27/webapps/manager]에 대한 배치가 [32] 밀리초에 완료되었습니다.
10-Dec-2022 11:46:41.586 INFO [main] org.apache.catalina.startup.HostConfig.deployDirectory 웹 애플리케이션 디렉토리 [/Users/jyw/Desktop/project/java/bbs/apache-tomcat-10.0.27/webapps/examples]을(를) 배치합니다.
10-Dec-2022 11:46:41.748 INFO [main] org.apache.catalina.startup.HostConfig.deployDirectory 웹 애플리케이션 디렉토리 [/Users/jyw/Desktop/project/java/bbs/apache-tomcat-10.0.27/webapps/examples]에 대한 배치가 [162] 밀리초에 완료되었습니다.
10-Dec-2022 11:46:41.748 INFO [main] org.apache.catalina.startup.HostConfig.deployDirectory 웹 애플리케이션 디렉토리 [/Users/jyw/Desktop/project/java/bbs/apache-tomcat-10.0.27/webapps/host-manager]을(를) 배치합니다.
10-Dec-2022 11:46:41.758 INFO [main] org.apache.catalina.startup.HostConfig.deployDirectory 웹 애플리케이션 디렉토리 [/Users/jyw/Desktop/project/java/bbs/apache-tomcat-10.0.27/webapps/host-manager]에 대한 배치가 [10] 밀리초에 완료되었습니다.
10-Dec-2022 11:46:41.759 INFO [main] org.apache.coyote.AbstractProtocol.start 프로토콜 핸들러 ["http-nio-80"]을(를) 시작합니다.
10-Dec-2022 11:46:41.767 INFO [main] org.apache.catalina.startup.Catalina.start 서버가 [444] 밀리초 내에 시작되었습니다.
10-Dec-2022 11:48:40.838 INFO [Thread-1] org.apache.coyote.AbstractProtocol.pause 프로토콜 핸들러 ["http-nio-80"]을(를) 일시 정지 중
10-Dec-2022 11:48:40.850 INFO [Thread-1] org.apache.catalina.core.StandardService.stopInternal 서비스 [Catalina]을(를) 중지시킵니다.
10-Dec-2022 11:48:40.861 WARNING [Thread-1] org.apache.catalina.loader.WebappClassLoaderBase.checkThreadLocalsForLeaks Java 9 환경에서 실행할 때에는, ThreadLocal 메모리 누수 탐지를 위하여, "--add-opens=java.base/java.lang=ALL-UNNAMED"를 JVM 명령 행 아규먼트들에 추가해야 합니다. 또는, ThreadLocal 메모리 누수 탐지를 사용불능 상태로 설정함으로써, 이 경고 메시지를 없앨 수도 있습니다.
10-Dec-2022 11:48:40.863 WARNING [Thread-1] org.apache.catalina.loader.WebappClassLoaderBase.clearReferencesRmiTargets Java 9에서 실행하면서 RMI Target 메모리 누수 탐지를 사용 가능하게 하려면, "--add-opens=java.rmi/sun.rmi.transport=ALL-UNNAMED"를 JVM 명령 행 아규먼트에 추가해야 합니다. 또는, RMI Target 메모리 누수 탐지를 사용불능 상태로 설정함으로써, 이 경고를 없앨 수도 있습니다.
10-Dec-2022 11:48:40.867 WARNING [Thread-1] org.apache.catalina.loader.WebappClassLoaderBase.checkThreadLocalsForLeaks Java 9 환경에서 실행할 때에는, ThreadLocal 메모리 누수 탐지를 위하여, "--add-opens=java.base/java.lang=ALL-UNNAMED"를 JVM 명령 행 아규먼트들에 추가해야 합니다. 또는, ThreadLocal 메모리 누수 탐지를 사용불능 상태로 설정함으로써, 이 경고 메시지를 없앨 수도 있습니다.
10-Dec-2022 11:48:40.868 WARNING [Thread-1] org.apache.catalina.loader.WebappClassLoaderBase.clearReferencesRmiTargets Java 9에서 실행하면서 RMI Target 메모리 누수 탐지를 사용 가능하게 하려면, "--add-opens=java.rmi/sun.rmi.transport=ALL-UNNAMED"를 JVM 명령 행 아규먼트에 추가해야 합니다. 또는, RMI Target 메모리 누수 탐지를 사용불능 상태로 설정함으로써, 이 경고를 없앨 수도 있습니다.
10-Dec-2022 11:48:40.869 WARNING [Thread-1] org.apache.catalina.loader.WebappClassLoaderBase.checkThreadLocalsForLeaks Java 9 환경에서 실행할 때에는, ThreadLocal 메모리 누수 탐지를 위하여, "--add-opens=java.base/java.lang=ALL-UNNAMED"를 JVM 명령 행 아규먼트들에 추가해야 합니다. 또는, ThreadLocal 메모리 누수 탐지를 사용불능 상태로 설정함으로써, 이 경고 메시지를 없앨 수도 있습니다.
10-Dec-2022 11:48:40.870 WARNING [Thread-1] org.apache.catalina.loader.WebappClassLoaderBase.clearReferencesRmiTargets Java 9에서 실행하면서 RMI Target 메모리 누수 탐지를 사용 가능하게 하려면, "--add-opens=java.rmi/sun.rmi.transport=ALL-UNNAMED"를 JVM 명령 행 아규먼트에 추가해야 합니다. 또는, RMI Target 메모리 누수 탐지를 사용불능 상태로 설정함으로써, 이 경고를 없앨 수도 있습니다.
10-Dec-2022 11:48:40.872 WARNING [Thread-1] org.apache.catalina.loader.WebappClassLoaderBase.checkThreadLocalsForLeaks Java 9 환경에서 실행할 때에는, ThreadLocal 메모리 누수 탐지를 위하여, "--add-opens=java.base/java.lang=ALL-UNNAMED"를 JVM 명령 행 아규먼트들에 추가해야 합니다. 또는, ThreadLocal 메모리 누수 탐지를 사용불능 상태로 설정함으로써, 이 경고 메시지를 없앨 수도 있습니다.
10-Dec-2022 11:48:40.872 WARNING [Thread-1] org.apache.catalina.loader.WebappClassLoaderBase.clearReferencesRmiTargets Java 9에서 실행하면서 RMI Target 메모리 누수 탐지를 사용 가능하게 하려면, "--add-opens=java.rmi/sun.rmi.transport=ALL-UNNAMED"를 JVM 명령 행 아규먼트에 추가해야 합니다. 또는, RMI Target 메모리 누수 탐지를 사용불능 상태로 설정함으로써, 이 경고를 없앨 수도 있습니다.
10-Dec-2022 11:48:40.873 WARNING [Thread-1] org.apache.catalina.loader.WebappClassLoaderBase.checkThreadLocalsForLeaks Java 9 환경에서 실행할 때에는, ThreadLocal 메모리 누수 탐지를 위하여, "--add-opens=java.base/java.lang=ALL-UNNAMED"를 JVM 명령 행 아규먼트들에 추가해야 합니다. 또는, ThreadLocal 메모리 누수 탐지를 사용불능 상태로 설정함으로써, 이 경고 메시지를 없앨 수도 있습니다.
10-Dec-2022 11:48:40.873 WARNING [Thread-1] org.apache.catalina.loader.WebappClassLoaderBase.clearReferencesRmiTargets Java 9에서 실행하면서 RMI Target 메모리 누수 탐지를 사용 가능하게 하려면, "--add-opens=java.rmi/sun.rmi.transport=ALL-UNNAMED"를 JVM 명령 행 아규먼트에 추가해야 합니다. 또는, RMI Target 메모리 누수 탐지를 사용불능 상태로 설정함으로써, 이 경고를 없앨 수도 있습니다.
10-Dec-2022 11:48:40.874 INFO [Thread-1] org.apache.coyote.AbstractProtocol.stop 프로토콜 핸들러 ["http-nio-80"]을(를) 중지시킵니다.
10-Dec-2022 11:48:40.886 INFO [Thread-1] org.apache.coyote.AbstractProtocol.destroy 프로토콜 핸들러 ["http-nio-80"]을(를) 소멸시킵니다.
10-Dec-2022 11:49:02.953 INFO [main] org.apache.catalina.startup.VersionLoggerListener.log 서버 버전 이름:    Apache Tomcat/10.0.27
10-Dec-2022 11:49:02.955 INFO [main] org.apache.catalina.startup.VersionLoggerListener.log Server 빌드 시각:  Oct 3 2022 14:18:31 UTC
10-Dec-2022 11:49:02.956 INFO [main] org.apache.catalina.startup.VersionLoggerListener.log Server 버전 번호:  10.0.27.0
10-Dec-2022 11:49:02.956 INFO [main] org.apache.catalina.startup.VersionLoggerListener.log 운영체제 이름:     Mac OS X
10-Dec-2022 11:49:02.956 INFO [main] org.apache.catalina.startup.VersionLoggerListener.log 운영체제 버전:     12.6
10-Dec-2022 11:49:02.956 INFO [main] org.apache.catalina.startup.VersionLoggerListener.log 아키텍처:          aarch64
10-Dec-2022 11:49:02.956 INFO [main] org.apache.catalina.startup.VersionLoggerListener.log 자바 홈:           /Library/Java/JavaVirtualMachines/jdk-19.jdk/Contents/Home
10-Dec-2022 11:49:02.956 INFO [main] org.apache.catalina.startup.VersionLoggerListener.log JVM 버전:          19.0.1+10-21
10-Dec-2022 11:49:02.956 INFO [main] org.apache.catalina.startup.VersionLoggerListener.log JVM 벤더:          Oracle Corporation
10-Dec-2022 11:49:02.957 INFO [main] org.apache.catalina.startup.VersionLoggerListener.log CATALINA_BASE:     /Users/jyw/Desktop/project/java/bbs/apache-tomcat-10.0.27
10-Dec-2022 11:49:02.957 INFO [main] org.apache.catalina.startup.VersionLoggerListener.log CATALINA_HOME:     /Users/jyw/Desktop/project/java/bbs/apache-tomcat-10.0.27
10-Dec-2022 11:49:02.971 INFO [main] org.apache.catalina.startup.VersionLoggerListener.log 명령 행 아규먼트:  -Djava.util.logging.config.file=/Users/jyw/Desktop/project/java/bbs/apache-tomcat-10.0.27/conf/logging.properties
10-Dec-2022 11:49:02.971 INFO [main] org.apache.catalina.startup.VersionLoggerListener.log 명령 행 아규먼트:  -Djava.util.logging.manager=org.apache.juli.ClassLoaderLogManager
10-Dec-2022 11:49:02.972 INFO [main] org.apache.catalina.startup.VersionLoggerListener.log 명령 행 아규먼트:  -Djdk.tls.ephemeralDHKeySize=2048
10-Dec-2022 11:49:02.972 INFO [main] org.apache.catalina.startup.VersionLoggerListener.log 명령 행 아규먼트:  -Djava.protocol.handler.pkgs=org.apache.catalina.webresources
10-Dec-2022 11:49:02.972 INFO [main] org.apache.catalina.startup.VersionLoggerListener.log 명령 행 아규먼트:  -Dorg.apache.catalina.security.SecurityListener.UMASK=0027
10-Dec-2022 11:49:02.972 INFO [main] org.apache.catalina.startup.VersionLoggerListener.log 명령 행 아규먼트:  -Dcatalina.base=/Users/jyw/Desktop/project/java/bbs/apache-tomcat-10.0.27
10-Dec-2022 11:49:02.972 INFO [main] org.apache.catalina.startup.VersionLoggerListener.log 명령 행 아규먼트:  -Dcatalina.home=/Users/jyw/Desktop/project/java/bbs/apache-tomcat-10.0.27
10-Dec-2022 11:49:02.973 INFO [main] org.apache.catalina.startup.VersionLoggerListener.log 명령 행 아규먼트:  -Djava.io.tmpdir=/Users/jyw/Desktop/project/java/bbs/apache-tomcat-10.0.27/temp
10-Dec-2022 11:49:02.980 INFO [main] org.apache.catalina.core.AprLifecycleListener.lifecycleEvent 프로덕션 환경들에서 최적의 성능을 제공하는, APR 기반 Apache Tomcat Native 라이브러리가, 다음 java.library.path에서 발견되지 않습니다: [/Users/jyw/Library/Java/Extensions:/Library/Java/Extensions:/Network/Library/Java/Extensions:/System/Library/Java/Extensions:/usr/lib/java:.]
10-Dec-2022 11:49:03.237 INFO [main] org.apache.coyote.AbstractProtocol.init 프로토콜 핸들러 ["http-nio-80"]을(를) 초기화합니다.
10-Dec-2022 11:49:03.259 INFO [main] org.apache.catalina.startup.Catalina.load [462] 밀리초 내에 서버가 초기화되었습니다.
10-Dec-2022 11:49:03.286 INFO [main] org.apache.catalina.core.StandardService.startInternal 서비스 [Catalina]을(를) 시작합니다.
10-Dec-2022 11:49:03.286 INFO [main] org.apache.catalina.core.StandardEngine.startInternal 서버 엔진을 시작합니다: [Apache Tomcat/10.0.27]
10-Dec-2022 11:49:03.439 INFO [main] org.apache.catalina.startup.HostConfig.deployDirectory 웹 애플리케이션 디렉토리 [/Users/jyw/Desktop/project/java/bbs/apache-tomcat-10.0.27/webapps/docs]을(를) 배치합니다.
10-Dec-2022 11:49:03.452 INFO [main] org.apache.catalina.startup.HostConfig.deployDirectory 웹 애플리케이션 디렉토리 [/Users/jyw/Desktop/project/java/bbs/apache-tomcat-10.0.27/webapps/docs]에 대한 배치가 [11] 밀리초에 완료되었습니다.
10-Dec-2022 11:49:03.453 INFO [main] org.apache.catalina.startup.HostConfig.deployDirectory 웹 애플리케이션 디렉토리 [/Users/jyw/Desktop/project/java/bbs/apache-tomcat-10.0.27/webapps/manager]을(를) 배치합니다.
10-Dec-2022 11:49:03.476 INFO [main] org.apache.catalina.startup.HostConfig.deployDirectory 웹 애플리케이션 디렉토리 [/Users/jyw/Desktop/project/java/bbs/apache-tomcat-10.0.27/webapps/manager]에 대한 배치가 [23] 밀리초에 완료되었습니다.
10-Dec-2022 11:49:03.476 INFO [main] org.apache.catalina.startup.HostConfig.deployDirectory 웹 애플리케이션 디렉토리 [/Users/jyw/Desktop/project/java/bbs/apache-tomcat-10.0.27/webapps/examples]을(를) 배치합니다.
10-Dec-2022 11:49:03.587 INFO [main] org.apache.catalina.startup.HostConfig.deployDirectory 웹 애플리케이션 디렉토리 [/Users/jyw/Desktop/project/java/bbs/apache-tomcat-10.0.27/webapps/examples]에 대한 배치가 [110] 밀리초에 완료되었습니다.
10-Dec-2022 11:49:03.587 INFO [main] org.apache.catalina.startup.HostConfig.deployDirectory 웹 애플리케이션 디렉토리 [/Users/jyw/Desktop/project/java/bbs/apache-tomcat-10.0.27/webapps/host-manager]을(를) 배치합니다.
10-Dec-2022 11:49:03.599 INFO [main] org.apache.catalina.startup.HostConfig.deployDirectory 웹 애플리케이션 디렉토리 [/Users/jyw/Desktop/project/java/bbs/apache-tomcat-10.0.27/webapps/host-manager]에 대한 배치가 [11] 밀리초에 완료되었습니다.
10-Dec-2022 11:49:03.601 INFO [main] org.apache.coyote.AbstractProtocol.start 프로토콜 핸들러 ["http-nio-80"]을(를) 시작합니다.
10-Dec-2022 11:49:03.611 INFO [main] org.apache.catalina.startup.Catalina.start 서버가 [350] 밀리초 내에 시작되었습니다.
10-Dec-2022 11:51:02.713 INFO [Thread-1] org.apache.coyote.AbstractProtocol.pause 프로토콜 핸들러 ["http-nio-80"]을(를) 일시 정지 중
10-Dec-2022 11:51:02.720 INFO [Thread-1] org.apache.catalina.core.StandardService.stopInternal 서비스 [Catalina]을(를) 중지시킵니다.
10-Dec-2022 11:51:02.728 WARNING [Thread-1] org.apache.catalina.loader.WebappClassLoaderBase.checkThreadLocalsForLeaks Java 9 환경에서 실행할 때에는, ThreadLocal 메모리 누수 탐지를 위하여, "--add-opens=java.base/java.lang=ALL-UNNAMED"를 JVM 명령 행 아규먼트들에 추가해야 합니다. 또는, ThreadLocal 메모리 누수 탐지를 사용불능 상태로 설정함으로써, 이 경고 메시지를 없앨 수도 있습니다.
10-Dec-2022 11:51:02.729 WARNING [Thread-1] org.apache.catalina.loader.WebappClassLoaderBase.clearReferencesRmiTargets Java 9에서 실행하면서 RMI Target 메모리 누수 탐지를 사용 가능하게 하려면, "--add-opens=java.rmi/sun.rmi.transport=ALL-UNNAMED"를 JVM 명령 행 아규먼트에 추가해야 합니다. 또는, RMI Target 메모리 누수 탐지를 사용불능 상태로 설정함으로써, 이 경고를 없앨 수도 있습니다.
10-Dec-2022 11:51:02.733 WARNING [Thread-1] org.apache.catalina.loader.WebappClassLoaderBase.checkThreadLocalsForLeaks Java 9 환경에서 실행할 때에는, ThreadLocal 메모리 누수 탐지를 위하여, "--add-opens=java.base/java.lang=ALL-UNNAMED"를 JVM 명령 행 아규먼트들에 추가해야 합니다. 또는, ThreadLocal 메모리 누수 탐지를 사용불능 상태로 설정함으로써, 이 경고 메시지를 없앨 수도 있습니다.
10-Dec-2022 11:51:02.734 WARNING [Thread-1] org.apache.catalina.loader.WebappClassLoaderBase.clearReferencesRmiTargets Java 9에서 실행하면서 RMI Target 메모리 누수 탐지를 사용 가능하게 하려면, "--add-opens=java.rmi/sun.rmi.transport=ALL-UNNAMED"를 JVM 명령 행 아규먼트에 추가해야 합니다. 또는, RMI Target 메모리 누수 탐지를 사용불능 상태로 설정함으로써, 이 경고를 없앨 수도 있습니다.
10-Dec-2022 11:51:02.736 WARNING [Thread-1] org.apache.catalina.loader.WebappClassLoaderBase.checkThreadLocalsForLeaks Java 9 환경에서 실행할 때에는, ThreadLocal 메모리 누수 탐지를 위하여, "--add-opens=java.base/java.lang=ALL-UNNAMED"를 JVM 명령 행 아규먼트들에 추가해야 합니다. 또는, ThreadLocal 메모리 누수 탐지를 사용불능 상태로 설정함으로써, 이 경고 메시지를 없앨 수도 있습니다.
10-Dec-2022 11:51:02.736 WARNING [Thread-1] org.apache.catalina.loader.WebappClassLoaderBase.clearReferencesRmiTargets Java 9에서 실행하면서 RMI Target 메모리 누수 탐지를 사용 가능하게 하려면, "--add-opens=java.rmi/sun.rmi.transport=ALL-UNNAMED"를 JVM 명령 행 아규먼트에 추가해야 합니다. 또는, RMI Target 메모리 누수 탐지를 사용불능 상태로 설정함으로써, 이 경고를 없앨 수도 있습니다.
10-Dec-2022 11:51:02.738 WARNING [Thread-1] org.apache.catalina.loader.WebappClassLoaderBase.checkThreadLocalsForLeaks Java 9 환경에서 실행할 때에는, ThreadLocal 메모리 누수 탐지를 위하여, "--add-opens=java.base/java.lang=ALL-UNNAMED"를 JVM 명령 행 아규먼트들에 추가해야 합니다. 또는, ThreadLocal 메모리 누수 탐지를 사용불능 상태로 설정함으로써, 이 경고 메시지를 없앨 수도 있습니다.
10-Dec-2022 11:51:02.738 WARNING [Thread-1] org.apache.catalina.loader.WebappClassLoaderBase.clearReferencesRmiTargets Java 9에서 실행하면서 RMI Target 메모리 누수 탐지를 사용 가능하게 하려면, "--add-opens=java.rmi/sun.rmi.transport=ALL-UNNAMED"를 JVM 명령 행 아규먼트에 추가해야 합니다. 또는, RMI Target 메모리 누수 탐지를 사용불능 상태로 설정함으로써, 이 경고를 없앨 수도 있습니다.
10-Dec-2022 11:51:02.739 WARNING [Thread-1] org.apache.catalina.loader.WebappClassLoaderBase.checkThreadLocalsForLeaks Java 9 환경에서 실행할 때에는, ThreadLocal 메모리 누수 탐지를 위하여, "--add-opens=java.base/java.lang=ALL-UNNAMED"를 JVM 명령 행 아규먼트들에 추가해야 합니다. 또는, ThreadLocal 메모리 누수 탐지를 사용불능 상태로 설정함으로써, 이 경고 메시지를 없앨 수도 있습니다.
10-Dec-2022 11:51:02.740 WARNING [Thread-1] org.apache.catalina.loader.WebappClassLoaderBase.clearReferencesRmiTargets Java 9에서 실행하면서 RMI Target 메모리 누수 탐지를 사용 가능하게 하려면, "--add-opens=java.rmi/sun.rmi.transport=ALL-UNNAMED"를 JVM 명령 행 아규먼트에 추가해야 합니다. 또는, RMI Target 메모리 누수 탐지를 사용불능 상태로 설정함으로써, 이 경고를 없앨 수도 있습니다.
10-Dec-2022 11:51:02.740 INFO [Thread-1] org.apache.coyote.AbstractProtocol.stop 프로토콜 핸들러 ["http-nio-80"]을(를) 중지시킵니다.
10-Dec-2022 11:51:02.746 INFO [Thread-1] org.apache.coyote.AbstractProtocol.destroy 프로토콜 핸들러 ["http-nio-80"]을(를) 소멸시킵니다.
10-Dec-2022 11:51:12.405 INFO [main] org.apache.catalina.startup.VersionLoggerListener.log 서버 버전 이름:    Apache Tomcat/10.0.27
10-Dec-2022 11:51:12.407 INFO [main] org.apache.catalina.startup.VersionLoggerListener.log Server 빌드 시각:  Oct 3 2022 14:18:31 UTC
10-Dec-2022 11:51:12.407 INFO [main] org.apache.catalina.startup.VersionLoggerListener.log Server 버전 번호:  10.0.27.0
10-Dec-2022 11:51:12.407 INFO [main] org.apache.catalina.startup.VersionLoggerListener.log 운영체제 이름:     Mac OS X
10-Dec-2022 11:51:12.407 INFO [main] org.apache.catalina.startup.VersionLoggerListener.log 운영체제 버전:     12.6
10-Dec-2022 11:51:12.408 INFO [main] org.apache.catalina.startup.VersionLoggerListener.log 아키텍처:          aarch64
10-Dec-2022 11:51:12.408 INFO [main] org.apache.catalina.startup.VersionLoggerListener.log 자바 홈:           /Library/Java/JavaVirtualMachines/jdk-19.jdk/Contents/Home
10-Dec-2022 11:51:12.408 INFO [main] org.apache.catalina.startup.VersionLoggerListener.log JVM 버전:          19.0.1+10-21
10-Dec-2022 11:51:12.408 INFO [main] org.apache.catalina.startup.VersionLoggerListener.log JVM 벤더:          Oracle Corporation
10-Dec-2022 11:51:12.408 INFO [main] org.apache.catalina.startup.VersionLoggerListener.log CATALINA_BASE:     /Users/jyw/Desktop/project/java/bbs/apache-tomcat-10.0.27
10-Dec-2022 11:51:12.408 INFO [main] org.apache.catalina.startup.VersionLoggerListener.log CATALINA_HOME:     /Users/jyw/Desktop/project/java/bbs/apache-tomcat-10.0.27
10-Dec-2022 11:51:12.418 INFO [main] org.apache.catalina.startup.VersionLoggerListener.log 명령 행 아규먼트:  -Djava.util.logging.config.file=/Users/jyw/Desktop/project/java/bbs/apache-tomcat-10.0.27/conf/logging.properties
10-Dec-2022 11:51:12.418 INFO [main] org.apache.catalina.startup.VersionLoggerListener.log 명령 행 아규먼트:  -Djava.util.logging.manager=org.apache.juli.ClassLoaderLogManager
10-Dec-2022 11:51:12.418 INFO [main] org.apache.catalina.startup.VersionLoggerListener.log 명령 행 아규먼트:  -Djdk.tls.ephemeralDHKeySize=2048
10-Dec-2022 11:51:12.418 INFO [main] org.apache.catalina.startup.VersionLoggerListener.log 명령 행 아규먼트:  -Djava.protocol.handler.pkgs=org.apache.catalina.webresources
10-Dec-2022 11:51:12.418 INFO [main] org.apache.catalina.startup.VersionLoggerListener.log 명령 행 아규먼트:  -Dorg.apache.catalina.security.SecurityListener.UMASK=0027
10-Dec-2022 11:51:12.419 INFO [main] org.apache.catalina.startup.VersionLoggerListener.log 명령 행 아규먼트:  -Dcatalina.base=/Users/jyw/Desktop/project/java/bbs/apache-tomcat-10.0.27
10-Dec-2022 11:51:12.419 INFO [main] org.apache.catalina.startup.VersionLoggerListener.log 명령 행 아규먼트:  -Dcatalina.home=/Users/jyw/Desktop/project/java/bbs/apache-tomcat-10.0.27
10-Dec-2022 11:51:12.419 INFO [main] org.apache.catalina.startup.VersionLoggerListener.log 명령 행 아규먼트:  -Djava.io.tmpdir=/Users/jyw/Desktop/project/java/bbs/apache-tomcat-10.0.27/temp
10-Dec-2022 11:51:12.428 INFO [main] org.apache.catalina.core.AprLifecycleListener.lifecycleEvent 프로덕션 환경들에서 최적의 성능을 제공하는, APR 기반 Apache Tomcat Native 라이브러리가, 다음 java.library.path에서 발견되지 않습니다: [/Users/jyw/Library/Java/Extensions:/Library/Java/Extensions:/Network/Library/Java/Extensions:/System/Library/Java/Extensions:/usr/lib/java:.]
10-Dec-2022 11:51:12.722 INFO [main] org.apache.coyote.AbstractProtocol.init 프로토콜 핸들러 ["http-nio-80"]을(를) 초기화합니다.
10-Dec-2022 11:51:12.741 INFO [main] org.apache.catalina.startup.Catalina.load [446] 밀리초 내에 서버가 초기화되었습니다.
10-Dec-2022 11:51:12.759 INFO [main] org.apache.catalina.core.StandardService.startInternal 서비스 [Catalina]을(를) 시작합니다.
10-Dec-2022 11:51:12.759 INFO [main] org.apache.catalina.core.StandardEngine.startInternal 서버 엔진을 시작합니다: [Apache Tomcat/10.0.27]
10-Dec-2022 11:51:12.903 INFO [main] org.apache.catalina.startup.HostConfig.deployDirectory 웹 애플리케이션 디렉토리 [/Users/jyw/Desktop/project/java/bbs/apache-tomcat-10.0.27/webapps/docs]을(를) 배치합니다.
10-Dec-2022 11:51:12.920 INFO [main] org.apache.catalina.startup.HostConfig.deployDirectory 웹 애플리케이션 디렉토리 [/Users/jyw/Desktop/project/java/bbs/apache-tomcat-10.0.27/webapps/docs]에 대한 배치가 [15] 밀리초에 완료되었습니다.
10-Dec-2022 11:51:12.921 INFO [main] org.apache.catalina.startup.HostConfig.deployDirectory 웹 애플리케이션 디렉토리 [/Users/jyw/Desktop/project/java/bbs/apache-tomcat-10.0.27/webapps/manager]을(를) 배치합니다.
10-Dec-2022 11:51:12.954 INFO [main] org.apache.catalina.startup.HostConfig.deployDirectory 웹 애플리케이션 디렉토리 [/Users/jyw/Desktop/project/java/bbs/apache-tomcat-10.0.27/webapps/manager]에 대한 배치가 [32] 밀리초에 완료되었습니다.
10-Dec-2022 11:51:12.954 INFO [main] org.apache.catalina.startup.HostConfig.deployDirectory 웹 애플리케이션 디렉토리 [/Users/jyw/Desktop/project/java/bbs/apache-tomcat-10.0.27/webapps/examples]을(를) 배치합니다.
10-Dec-2022 11:51:13.134 INFO [main] org.apache.catalina.startup.HostConfig.deployDirectory 웹 애플리케이션 디렉토리 [/Users/jyw/Desktop/project/java/bbs/apache-tomcat-10.0.27/webapps/examples]에 대한 배치가 [180] 밀리초에 완료되었습니다.
10-Dec-2022 11:51:13.134 INFO [main] org.apache.catalina.startup.HostConfig.deployDirectory 웹 애플리케이션 디렉토리 [/Users/jyw/Desktop/project/java/bbs/apache-tomcat-10.0.27/webapps/host-manager]을(를) 배치합니다.
10-Dec-2022 11:51:13.155 INFO [main] org.apache.catalina.startup.HostConfig.deployDirectory 웹 애플리케이션 디렉토리 [/Users/jyw/Desktop/project/java/bbs/apache-tomcat-10.0.27/webapps/host-manager]에 대한 배치가 [21] 밀리초에 완료되었습니다.
10-Dec-2022 11:51:13.158 INFO [main] org.apache.coyote.AbstractProtocol.start 프로토콜 핸들러 ["http-nio-80"]을(를) 시작합니다.
10-Dec-2022 11:51:13.169 INFO [main] org.apache.catalina.startup.Catalina.start 서버가 [426] 밀리초 내에 시작되었습니다.
10-Dec-2022 11:52:58.463 INFO [Thread-1] org.apache.coyote.AbstractProtocol.pause 프로토콜 핸들러 ["http-nio-80"]을(를) 일시 정지 중
10-Dec-2022 11:52:58.469 INFO [Thread-1] org.apache.catalina.core.StandardService.stopInternal 서비스 [Catalina]을(를) 중지시킵니다.
10-Dec-2022 11:52:58.474 WARNING [Thread-1] org.apache.catalina.loader.WebappClassLoaderBase.checkThreadLocalsForLeaks Java 9 환경에서 실행할 때에는, ThreadLocal 메모리 누수 탐지를 위하여, "--add-opens=java.base/java.lang=ALL-UNNAMED"를 JVM 명령 행 아규먼트들에 추가해야 합니다. 또는, ThreadLocal 메모리 누수 탐지를 사용불능 상태로 설정함으로써, 이 경고 메시지를 없앨 수도 있습니다.
10-Dec-2022 11:52:58.475 WARNING [Thread-1] org.apache.catalina.loader.WebappClassLoaderBase.clearReferencesRmiTargets Java 9에서 실행하면서 RMI Target 메모리 누수 탐지를 사용 가능하게 하려면, "--add-opens=java.rmi/sun.rmi.transport=ALL-UNNAMED"를 JVM 명령 행 아규먼트에 추가해야 합니다. 또는, RMI Target 메모리 누수 탐지를 사용불능 상태로 설정함으로써, 이 경고를 없앨 수도 있습니다.
10-Dec-2022 11:52:58.478 WARNING [Thread-1] org.apache.catalina.loader.WebappClassLoaderBase.checkThreadLocalsForLeaks Java 9 환경에서 실행할 때에는, ThreadLocal 메모리 누수 탐지를 위하여, "--add-opens=java.base/java.lang=ALL-UNNAMED"를 JVM 명령 행 아규먼트들에 추가해야 합니다. 또는, ThreadLocal 메모리 누수 탐지를 사용불능 상태로 설정함으로써, 이 경고 메시지를 없앨 수도 있습니다.
10-Dec-2022 11:52:58.478 WARNING [Thread-1] org.apache.catalina.loader.WebappClassLoaderBase.clearReferencesRmiTargets Java 9에서 실행하면서 RMI Target 메모리 누수 탐지를 사용 가능하게 하려면, "--add-opens=java.rmi/sun.rmi.transport=ALL-UNNAMED"를 JVM 명령 행 아규먼트에 추가해야 합니다. 또는, RMI Target 메모리 누수 탐지를 사용불능 상태로 설정함으로써, 이 경고를 없앨 수도 있습니다.
10-Dec-2022 11:52:58.480 WARNING [Thread-1] org.apache.catalina.loader.WebappClassLoaderBase.checkThreadLocalsForLeaks Java 9 환경에서 실행할 때에는, ThreadLocal 메모리 누수 탐지를 위하여, "--add-opens=java.base/java.lang=ALL-UNNAMED"를 JVM 명령 행 아규먼트들에 추가해야 합니다. 또는, ThreadLocal 메모리 누수 탐지를 사용불능 상태로 설정함으로써, 이 경고 메시지를 없앨 수도 있습니다.
10-Dec-2022 11:52:58.480 WARNING [Thread-1] org.apache.catalina.loader.WebappClassLoaderBase.clearReferencesRmiTargets Java 9에서 실행하면서 RMI Target 메모리 누수 탐지를 사용 가능하게 하려면, "--add-opens=java.rmi/sun.rmi.transport=ALL-UNNAMED"를 JVM 명령 행 아규먼트에 추가해야 합니다. 또는, RMI Target 메모리 누수 탐지를 사용불능 상태로 설정함으로써, 이 경고를 없앨 수도 있습니다.
10-Dec-2022 11:52:58.482 WARNING [Thread-1] org.apache.catalina.loader.WebappClassLoaderBase.checkThreadLocalsForLeaks Java 9 환경에서 실행할 때에는, ThreadLocal 메모리 누수 탐지를 위하여, "--add-opens=java.base/java.lang=ALL-UNNAMED"를 JVM 명령 행 아규먼트들에 추가해야 합니다. 또는, ThreadLocal 메모리 누수 탐지를 사용불능 상태로 설정함으로써, 이 경고 메시지를 없앨 수도 있습니다.
10-Dec-2022 11:52:58.482 WARNING [Thread-1] org.apache.catalina.loader.WebappClassLoaderBase.clearReferencesRmiTargets Java 9에서 실행하면서 RMI Target 메모리 누수 탐지를 사용 가능하게 하려면, "--add-opens=java.rmi/sun.rmi.transport=ALL-UNNAMED"를 JVM 명령 행 아규먼트에 추가해야 합니다. 또는, RMI Target 메모리 누수 탐지를 사용불능 상태로 설정함으로써, 이 경고를 없앨 수도 있습니다.
10-Dec-2022 11:52:58.484 WARNING [Thread-1] org.apache.catalina.loader.WebappClassLoaderBase.checkThreadLocalsForLeaks Java 9 환경에서 실행할 때에는, ThreadLocal 메모리 누수 탐지를 위하여, "--add-opens=java.base/java.lang=ALL-UNNAMED"를 JVM 명령 행 아규먼트들에 추가해야 합니다. 또는, ThreadLocal 메모리 누수 탐지를 사용불능 상태로 설정함으로써, 이 경고 메시지를 없앨 수도 있습니다.
10-Dec-2022 11:52:58.484 WARNING [Thread-1] org.apache.catalina.loader.WebappClassLoaderBase.clearReferencesRmiTargets Java 9에서 실행하면서 RMI Target 메모리 누수 탐지를 사용 가능하게 하려면, "--add-opens=java.rmi/sun.rmi.transport=ALL-UNNAMED"를 JVM 명령 행 아규먼트에 추가해야 합니다. 또는, RMI Target 메모리 누수 탐지를 사용불능 상태로 설정함으로써, 이 경고를 없앨 수도 있습니다.
10-Dec-2022 11:52:58.484 INFO [Thread-1] org.apache.coyote.AbstractProtocol.stop 프로토콜 핸들러 ["http-nio-80"]을(를) 중지시킵니다.
10-Dec-2022 11:52:58.494 INFO [Thread-1] org.apache.coyote.AbstractProtocol.destroy 프로토콜 핸들러 ["http-nio-80"]을(를) 소멸시킵니다.
10-Dec-2022 11:53:24.777 INFO [main] org.apache.catalina.startup.VersionLoggerListener.log 서버 버전 이름:    Apache Tomcat/10.0.27
10-Dec-2022 11:53:24.779 INFO [main] org.apache.catalina.startup.VersionLoggerListener.log Server 빌드 시각:  Oct 3 2022 14:18:31 UTC
10-Dec-2022 11:53:24.779 INFO [main] org.apache.catalina.startup.VersionLoggerListener.log Server 버전 번호:  10.0.27.0
10-Dec-2022 11:53:24.779 INFO [main] org.apache.catalina.startup.VersionLoggerListener.log 운영체제 이름:     Mac OS X
10-Dec-2022 11:53:24.779 INFO [main] org.apache.catalina.startup.VersionLoggerListener.log 운영체제 버전:     12.6
10-Dec-2022 11:53:24.779 INFO [main] org.apache.catalina.startup.VersionLoggerListener.log 아키텍처:          aarch64
10-Dec-2022 11:53:24.779 INFO [main] org.apache.catalina.startup.VersionLoggerListener.log 자바 홈:           /Library/Java/JavaVirtualMachines/jdk-19.jdk/Contents/Home
10-Dec-2022 11:53:24.780 INFO [main] org.apache.catalina.startup.VersionLoggerListener.log JVM 버전:          19.0.1+10-21
10-Dec-2022 11:53:24.780 INFO [main] org.apache.catalina.startup.VersionLoggerListener.log JVM 벤더:          Oracle Corporation
10-Dec-2022 11:53:24.780 INFO [main] org.apache.catalina.startup.VersionLoggerListener.log CATALINA_BASE:     /Users/jyw/Desktop/project/java/bbs/apache-tomcat-10.0.27
10-Dec-2022 11:53:24.780 INFO [main] org.apache.catalina.startup.VersionLoggerListener.log CATALINA_HOME:     /Users/jyw/Desktop/project/java/bbs/apache-tomcat-10.0.27
10-Dec-2022 11:53:24.788 INFO [main] org.apache.catalina.startup.VersionLoggerListener.log 명령 행 아규먼트:  -Djava.util.logging.config.file=/Users/jyw/Desktop/project/java/bbs/apache-tomcat-10.0.27/conf/logging.properties
10-Dec-2022 11:53:24.788 INFO [main] org.apache.catalina.startup.VersionLoggerListener.log 명령 행 아규먼트:  -Djava.util.logging.manager=org.apache.juli.ClassLoaderLogManager
10-Dec-2022 11:53:24.788 INFO [main] org.apache.catalina.startup.VersionLoggerListener.log 명령 행 아규먼트:  -Djdk.tls.ephemeralDHKeySize=2048
10-Dec-2022 11:53:24.789 INFO [main] org.apache.catalina.startup.VersionLoggerListener.log 명령 행 아규먼트:  -Djava.protocol.handler.pkgs=org.apache.catalina.webresources
10-Dec-2022 11:53:24.789 INFO [main] org.apache.catalina.startup.VersionLoggerListener.log 명령 행 아규먼트:  -Dorg.apache.catalina.security.SecurityListener.UMASK=0027
10-Dec-2022 11:53:24.789 INFO [main] org.apache.catalina.startup.VersionLoggerListener.log 명령 행 아규먼트:  -Dcatalina.base=/Users/jyw/Desktop/project/java/bbs/apache-tomcat-10.0.27
10-Dec-2022 11:53:24.789 INFO [main] org.apache.catalina.startup.VersionLoggerListener.log 명령 행 아규먼트:  -Dcatalina.home=/Users/jyw/Desktop/project/java/bbs/apache-tomcat-10.0.27
10-Dec-2022 11:53:24.789 INFO [main] org.apache.catalina.startup.VersionLoggerListener.log 명령 행 아규먼트:  -Djava.io.tmpdir=/Users/jyw/Desktop/project/java/bbs/apache-tomcat-10.0.27/temp
10-Dec-2022 11:53:24.795 INFO [main] org.apache.catalina.core.AprLifecycleListener.lifecycleEvent 프로덕션 환경들에서 최적의 성능을 제공하는, APR 기반 Apache Tomcat Native 라이브러리가, 다음 java.library.path에서 발견되지 않습니다: [/Users/jyw/Library/Java/Extensions:/Library/Java/Extensions:/Network/Library/Java/Extensions:/System/Library/Java/Extensions:/usr/lib/java:.]
10-Dec-2022 11:53:24.997 INFO [main] org.apache.coyote.AbstractProtocol.init 프로토콜 핸들러 ["http-nio-80"]을(를) 초기화합니다.
10-Dec-2022 11:53:25.013 INFO [main] org.apache.catalina.startup.Catalina.load [388] 밀리초 내에 서버가 초기화되었습니다.
10-Dec-2022 11:53:25.031 INFO [main] org.apache.catalina.core.StandardService.startInternal 서비스 [Catalina]을(를) 시작합니다.
10-Dec-2022 11:53:25.031 INFO [main] org.apache.catalina.core.StandardEngine.startInternal 서버 엔진을 시작합니다: [Apache Tomcat/10.0.27]
10-Dec-2022 11:53:25.169 INFO [main] org.apache.catalina.startup.HostConfig.deployDirectory 웹 애플리케이션 디렉토리 [/Users/jyw/Desktop/project/java/bbs/apache-tomcat-10.0.27/webapps/docs]을(를) 배치합니다.
10-Dec-2022 11:53:25.187 INFO [main] org.apache.catalina.startup.HostConfig.deployDirectory 웹 애플리케이션 디렉토리 [/Users/jyw/Desktop/project/java/bbs/apache-tomcat-10.0.27/webapps/docs]에 대한 배치가 [15] 밀리초에 완료되었습니다.
10-Dec-2022 11:53:25.187 INFO [main] org.apache.catalina.startup.HostConfig.deployDirectory 웹 애플리케이션 디렉토리 [/Users/jyw/Desktop/project/java/bbs/apache-tomcat-10.0.27/webapps/manager]을(를) 배치합니다.
10-Dec-2022 11:53:25.215 INFO [main] org.apache.catalina.startup.HostConfig.deployDirectory 웹 애플리케이션 디렉토리 [/Users/jyw/Desktop/project/java/bbs/apache-tomcat-10.0.27/webapps/manager]에 대한 배치가 [28] 밀리초에 완료되었습니다.
10-Dec-2022 11:53:25.215 INFO [main] org.apache.catalina.startup.HostConfig.deployDirectory 웹 애플리케이션 디렉토리 [/Users/jyw/Desktop/project/java/bbs/apache-tomcat-10.0.27/webapps/examples]을(를) 배치합니다.
10-Dec-2022 11:53:25.350 INFO [main] org.apache.catalina.startup.HostConfig.deployDirectory 웹 애플리케이션 디렉토리 [/Users/jyw/Desktop/project/java/bbs/apache-tomcat-10.0.27/webapps/examples]에 대한 배치가 [135] 밀리초에 완료되었습니다.
10-Dec-2022 11:53:25.350 INFO [main] org.apache.catalina.startup.HostConfig.deployDirectory 웹 애플리케이션 디렉토리 [/Users/jyw/Desktop/project/java/bbs/apache-tomcat-10.0.27/webapps/host-manager]을(를) 배치합니다.
10-Dec-2022 11:53:25.359 INFO [main] org.apache.catalina.startup.HostConfig.deployDirectory 웹 애플리케이션 디렉토리 [/Users/jyw/Desktop/project/java/bbs/apache-tomcat-10.0.27/webapps/host-manager]에 대한 배치가 [9] 밀리초에 완료되었습니다.
10-Dec-2022 11:53:25.361 INFO [main] org.apache.coyote.AbstractProtocol.start 프로토콜 핸들러 ["http-nio-80"]을(를) 시작합니다.
10-Dec-2022 11:53:25.367 INFO [main] org.apache.catalina.startup.Catalina.start 서버가 [353] 밀리초 내에 시작되었습니다.
10-Dec-2022 11:55:24.506 INFO [Thread-1] org.apache.coyote.AbstractProtocol.pause 프로토콜 핸들러 ["http-nio-80"]을(를) 일시 정지 중
10-Dec-2022 11:55:24.517 INFO [Thread-1] org.apache.catalina.core.StandardService.stopInternal 서비스 [Catalina]을(를) 중지시킵니다.
10-Dec-2022 11:55:24.528 WARNING [Thread-1] org.apache.catalina.loader.WebappClassLoaderBase.checkThreadLocalsForLeaks Java 9 환경에서 실행할 때에는, ThreadLocal 메모리 누수 탐지를 위하여, "--add-opens=java.base/java.lang=ALL-UNNAMED"를 JVM 명령 행 아규먼트들에 추가해야 합니다. 또는, ThreadLocal 메모리 누수 탐지를 사용불능 상태로 설정함으로써, 이 경고 메시지를 없앨 수도 있습니다.
10-Dec-2022 11:55:24.530 WARNING [Thread-1] org.apache.catalina.loader.WebappClassLoaderBase.clearReferencesRmiTargets Java 9에서 실행하면서 RMI Target 메모리 누수 탐지를 사용 가능하게 하려면, "--add-opens=java.rmi/sun.rmi.transport=ALL-UNNAMED"를 JVM 명령 행 아규먼트에 추가해야 합니다. 또는, RMI Target 메모리 누수 탐지를 사용불능 상태로 설정함으로써, 이 경고를 없앨 수도 있습니다.
10-Dec-2022 11:55:24.535 WARNING [Thread-1] org.apache.catalina.loader.WebappClassLoaderBase.checkThreadLocalsForLeaks Java 9 환경에서 실행할 때에는, ThreadLocal 메모리 누수 탐지를 위하여, "--add-opens=java.base/java.lang=ALL-UNNAMED"를 JVM 명령 행 아규먼트들에 추가해야 합니다. 또는, ThreadLocal 메모리 누수 탐지를 사용불능 상태로 설정함으로써, 이 경고 메시지를 없앨 수도 있습니다.
10-Dec-2022 11:55:24.535 WARNING [Thread-1] org.apache.catalina.loader.WebappClassLoaderBase.clearReferencesRmiTargets Java 9에서 실행하면서 RMI Target 메모리 누수 탐지를 사용 가능하게 하려면, "--add-opens=java.rmi/sun.rmi.transport=ALL-UNNAMED"를 JVM 명령 행 아규먼트에 추가해야 합니다. 또는, RMI Target 메모리 누수 탐지를 사용불능 상태로 설정함으로써, 이 경고를 없앨 수도 있습니다.
10-Dec-2022 11:55:24.538 WARNING [Thread-1] org.apache.catalina.loader.WebappClassLoaderBase.checkThreadLocalsForLeaks Java 9 환경에서 실행할 때에는, ThreadLocal 메모리 누수 탐지를 위하여, "--add-opens=java.base/java.lang=ALL-UNNAMED"를 JVM 명령 행 아규먼트들에 추가해야 합니다. 또는, ThreadLocal 메모리 누수 탐지를 사용불능 상태로 설정함으로써, 이 경고 메시지를 없앨 수도 있습니다.
10-Dec-2022 11:55:24.538 WARNING [Thread-1] org.apache.catalina.loader.WebappClassLoaderBase.clearReferencesRmiTargets Java 9에서 실행하면서 RMI Target 메모리 누수 탐지를 사용 가능하게 하려면, "--add-opens=java.rmi/sun.rmi.transport=ALL-UNNAMED"를 JVM 명령 행 아규먼트에 추가해야 합니다. 또는, RMI Target 메모리 누수 탐지를 사용불능 상태로 설정함으로써, 이 경고를 없앨 수도 있습니다.
10-Dec-2022 11:55:24.540 WARNING [Thread-1] org.apache.catalina.loader.WebappClassLoaderBase.checkThreadLocalsForLeaks Java 9 환경에서 실행할 때에는, ThreadLocal 메모리 누수 탐지를 위하여, "--add-opens=java.base/java.lang=ALL-UNNAMED"를 JVM 명령 행 아규먼트들에 추가해야 합니다. 또는, ThreadLocal 메모리 누수 탐지를 사용불능 상태로 설정함으로써, 이 경고 메시지를 없앨 수도 있습니다.
10-Dec-2022 11:55:24.540 WARNING [Thread-1] org.apache.catalina.loader.WebappClassLoaderBase.clearReferencesRmiTargets Java 9에서 실행하면서 RMI Target 메모리 누수 탐지를 사용 가능하게 하려면, "--add-opens=java.rmi/sun.rmi.transport=ALL-UNNAMED"를 JVM 명령 행 아규먼트에 추가해야 합니다. 또는, RMI Target 메모리 누수 탐지를 사용불능 상태로 설정함으로써, 이 경고를 없앨 수도 있습니다.
10-Dec-2022 11:55:24.541 WARNING [Thread-1] org.apache.catalina.loader.WebappClassLoaderBase.checkThreadLocalsForLeaks Java 9 환경에서 실행할 때에는, ThreadLocal 메모리 누수 탐지를 위하여, "--add-opens=java.base/java.lang=ALL-UNNAMED"를 JVM 명령 행 아규먼트들에 추가해야 합니다. 또는, ThreadLocal 메모리 누수 탐지를 사용불능 상태로 설정함으로써, 이 경고 메시지를 없앨 수도 있습니다.
10-Dec-2022 11:55:24.542 WARNING [Thread-1] org.apache.catalina.loader.WebappClassLoaderBase.clearReferencesRmiTargets Java 9에서 실행하면서 RMI Target 메모리 누수 탐지를 사용 가능하게 하려면, "--add-opens=java.rmi/sun.rmi.transport=ALL-UNNAMED"를 JVM 명령 행 아규먼트에 추가해야 합니다. 또는, RMI Target 메모리 누수 탐지를 사용불능 상태로 설정함으로써, 이 경고를 없앨 수도 있습니다.
10-Dec-2022 11:55:24.542 INFO [Thread-1] org.apache.coyote.AbstractProtocol.stop 프로토콜 핸들러 ["http-nio-80"]을(를) 중지시킵니다.
10-Dec-2022 11:55:24.555 INFO [Thread-1] org.apache.coyote.AbstractProtocol.destroy 프로토콜 핸들러 ["http-nio-80"]을(를) 소멸시킵니다.
