NOTE: Picked up JDK_JAVA_OPTIONS:  --add-opens=java.base/java.lang=ALL-UNNAMED --add-opens=java.base/java.io=ALL-UNNAMED --add-opens=java.base/java.util=ALL-UNNAMED --add-opens=java.base/java.util.concurrent=ALL-UNNAMED --add-opens=java.rmi/sun.rmi.transport=ALL-UNNAMED
09-Dec-2022 10:05:28.066 INFO [main] org.apache.catalina.startup.VersionLoggerListener.log 서버 버전 이름:    Apache Tomcat/10.0.27
09-Dec-2022 10:05:28.069 INFO [main] org.apache.catalina.startup.VersionLoggerListener.log Server 빌드 시각:  Oct 3 2022 14:18:31 UTC
09-Dec-2022 10:05:28.069 INFO [main] org.apache.catalina.startup.VersionLoggerListener.log Server 버전 번호:  10.0.27.0
09-Dec-2022 10:05:28.069 INFO [main] org.apache.catalina.startup.VersionLoggerListener.log 운영체제 이름:     Mac OS X
09-Dec-2022 10:05:28.069 INFO [main] org.apache.catalina.startup.VersionLoggerListener.log 운영체제 버전:     12.6
09-Dec-2022 10:05:28.069 INFO [main] org.apache.catalina.startup.VersionLoggerListener.log 아키텍처:          aarch64
09-Dec-2022 10:05:28.069 INFO [main] org.apache.catalina.startup.VersionLoggerListener.log 자바 홈:           /Library/Java/JavaVirtualMachines/jdk-19.jdk/Contents/Home
09-Dec-2022 10:05:28.069 INFO [main] org.apache.catalina.startup.VersionLoggerListener.log JVM 버전:          19.0.1+10-21
09-Dec-2022 10:05:28.069 INFO [main] org.apache.catalina.startup.VersionLoggerListener.log JVM 벤더:          Oracle Corporation
09-Dec-2022 10:05:28.069 INFO [main] org.apache.catalina.startup.VersionLoggerListener.log CATALINA_BASE:     /Users/jyw/Desktop/project/java/apache-tomcat-10.0.27
09-Dec-2022 10:05:28.069 INFO [main] org.apache.catalina.startup.VersionLoggerListener.log CATALINA_HOME:     /Users/jyw/Desktop/project/java/apache-tomcat-10.0.27
09-Dec-2022 10:05:28.119 INFO [main] org.apache.catalina.startup.VersionLoggerListener.log 명령 행 아규먼트:  --add-opens=java.base/java.lang=ALL-UNNAMED
09-Dec-2022 10:05:28.119 INFO [main] org.apache.catalina.startup.VersionLoggerListener.log 명령 행 아규먼트:  --add-opens=java.base/java.io=ALL-UNNAMED
09-Dec-2022 10:05:28.119 INFO [main] org.apache.catalina.startup.VersionLoggerListener.log 명령 행 아규먼트:  --add-opens=java.base/java.util=ALL-UNNAMED
09-Dec-2022 10:05:28.119 INFO [main] org.apache.catalina.startup.VersionLoggerListener.log 명령 행 아규먼트:  --add-opens=java.base/java.util.concurrent=ALL-UNNAMED
09-Dec-2022 10:05:28.119 INFO [main] org.apache.catalina.startup.VersionLoggerListener.log 명령 행 아규먼트:  --add-opens=java.rmi/sun.rmi.transport=ALL-UNNAMED
09-Dec-2022 10:05:28.119 INFO [main] org.apache.catalina.startup.VersionLoggerListener.log 명령 행 아규먼트:  -Djava.util.logging.config.file=/Users/jyw/Desktop/project/java/apache-tomcat-10.0.27/conf/logging.properties
09-Dec-2022 10:05:28.119 INFO [main] org.apache.catalina.startup.VersionLoggerListener.log 명령 행 아규먼트:  -Djava.util.logging.manager=org.apache.juli.ClassLoaderLogManager
09-Dec-2022 10:05:28.119 INFO [main] org.apache.catalina.startup.VersionLoggerListener.log 명령 행 아규먼트:  -Djdk.tls.ephemeralDHKeySize=2048
09-Dec-2022 10:05:28.119 INFO [main] org.apache.catalina.startup.VersionLoggerListener.log 명령 행 아규먼트:  -Djava.protocol.handler.pkgs=org.apache.catalina.webresources
09-Dec-2022 10:05:28.119 INFO [main] org.apache.catalina.startup.VersionLoggerListener.log 명령 행 아규먼트:  -Dorg.apache.catalina.security.SecurityListener.UMASK=0027
09-Dec-2022 10:05:28.119 INFO [main] org.apache.catalina.startup.VersionLoggerListener.log 명령 행 아규먼트:  -Dignore.endorsed.dirs=
09-Dec-2022 10:05:28.119 INFO [main] org.apache.catalina.startup.VersionLoggerListener.log 명령 행 아규먼트:  -Dcatalina.base=/Users/jyw/Desktop/project/java/apache-tomcat-10.0.27
09-Dec-2022 10:05:28.120 INFO [main] org.apache.catalina.startup.VersionLoggerListener.log 명령 행 아규먼트:  -Dcatalina.home=/Users/jyw/Desktop/project/java/apache-tomcat-10.0.27
09-Dec-2022 10:05:28.120 INFO [main] org.apache.catalina.startup.VersionLoggerListener.log 명령 행 아규먼트:  -Djava.io.tmpdir=/Users/jyw/Desktop/project/java/apache-tomcat-10.0.27/temp
09-Dec-2022 10:05:28.123 INFO [main] org.apache.catalina.core.AprLifecycleListener.lifecycleEvent 프로덕션 환경들에서 최적의 성능을 제공하는, APR 기반 Apache Tomcat Native 라이브러리가, 다음 java.library.path에서 발견되지 않습니다: [/Users/jyw/Library/Java/Extensions:/Library/Java/Extensions:/Network/Library/Java/Extensions:/System/Library/Java/Extensions:/usr/lib/java:.]
09-Dec-2022 10:05:28.307 INFO [main] org.apache.coyote.AbstractProtocol.init 프로토콜 핸들러 ["http-nio-8080"]을(를) 초기화합니다.
09-Dec-2022 10:05:28.343 INFO [main] org.apache.catalina.startup.Catalina.load [380] 밀리초 내에 서버가 초기화되었습니다.
09-Dec-2022 10:05:28.360 INFO [main] org.apache.catalina.core.StandardService.startInternal 서비스 [Catalina]을(를) 시작합니다.
09-Dec-2022 10:05:28.360 INFO [main] org.apache.catalina.core.StandardEngine.startInternal 서버 엔진을 시작합니다: [Apache Tomcat/10.0.27]
09-Dec-2022 10:05:28.364 INFO [main] org.apache.catalina.startup.HostConfig.deployDirectory 웹 애플리케이션 디렉토리 [/Users/jyw/Desktop/project/java/apache-tomcat-10.0.27/webapps/docs]을(를) 배치합니다.
09-Dec-2022 10:05:28.488 INFO [main] org.apache.catalina.startup.HostConfig.deployDirectory 웹 애플리케이션 디렉토리 [/Users/jyw/Desktop/project/java/apache-tomcat-10.0.27/webapps/docs]에 대한 배치가 [121] 밀리초에 완료되었습니다.
09-Dec-2022 10:05:28.488 INFO [main] org.apache.catalina.startup.HostConfig.deployDirectory 웹 애플리케이션 디렉토리 [/Users/jyw/Desktop/project/java/apache-tomcat-10.0.27/webapps/manager]을(를) 배치합니다.
09-Dec-2022 10:05:28.506 INFO [main] org.apache.catalina.startup.HostConfig.deployDirectory 웹 애플리케이션 디렉토리 [/Users/jyw/Desktop/project/java/apache-tomcat-10.0.27/webapps/manager]에 대한 배치가 [18] 밀리초에 완료되었습니다.
09-Dec-2022 10:05:28.506 INFO [main] org.apache.catalina.startup.HostConfig.deployDirectory 웹 애플리케이션 디렉토리 [/Users/jyw/Desktop/project/java/apache-tomcat-10.0.27/webapps/examples]을(를) 배치합니다.
09-Dec-2022 10:05:28.601 INFO [main] org.apache.catalina.startup.HostConfig.deployDirectory 웹 애플리케이션 디렉토리 [/Users/jyw/Desktop/project/java/apache-tomcat-10.0.27/webapps/examples]에 대한 배치가 [95] 밀리초에 완료되었습니다.
09-Dec-2022 10:05:28.601 INFO [main] org.apache.catalina.startup.HostConfig.deployDirectory 웹 애플리케이션 디렉토리 [/Users/jyw/Desktop/project/java/apache-tomcat-10.0.27/webapps/ROOT]을(를) 배치합니다.
09-Dec-2022 10:05:28.612 INFO [main] org.apache.catalina.startup.HostConfig.deployDirectory 웹 애플리케이션 디렉토리 [/Users/jyw/Desktop/project/java/apache-tomcat-10.0.27/webapps/ROOT]에 대한 배치가 [11] 밀리초에 완료되었습니다.
09-Dec-2022 10:05:28.612 INFO [main] org.apache.catalina.startup.HostConfig.deployDirectory 웹 애플리케이션 디렉토리 [/Users/jyw/Desktop/project/java/apache-tomcat-10.0.27/webapps/host-manager]을(를) 배치합니다.
09-Dec-2022 10:05:28.620 INFO [main] org.apache.catalina.startup.HostConfig.deployDirectory 웹 애플리케이션 디렉토리 [/Users/jyw/Desktop/project/java/apache-tomcat-10.0.27/webapps/host-manager]에 대한 배치가 [8] 밀리초에 완료되었습니다.
09-Dec-2022 10:05:28.621 INFO [main] org.apache.coyote.AbstractProtocol.start 프로토콜 핸들러 ["http-nio-8080"]을(를) 시작합니다.
09-Dec-2022 10:05:28.635 INFO [main] org.apache.catalina.startup.Catalina.start 서버가 [291] 밀리초 내에 시작되었습니다.
09-Dec-2022 10:36:05.735 INFO [main] org.apache.catalina.core.StandardServer.await 셧다운 포트를 통해 유효한 셧다운 명령을 받았습니다. 서버 인스턴스를 중지시킵니다.
09-Dec-2022 10:36:05.738 INFO [main] org.apache.coyote.AbstractProtocol.pause 프로토콜 핸들러 ["http-nio-8080"]을(를) 일시 정지 중
09-Dec-2022 10:36:05.746 INFO [main] org.apache.catalina.core.StandardService.stopInternal 서비스 [Catalina]을(를) 중지시킵니다.
09-Dec-2022 10:36:05.769 INFO [main] org.apache.coyote.AbstractProtocol.stop 프로토콜 핸들러 ["http-nio-8080"]을(를) 중지시킵니다.
09-Dec-2022 10:36:05.773 INFO [main] org.apache.coyote.AbstractProtocol.destroy 프로토콜 핸들러 ["http-nio-8080"]을(를) 소멸시킵니다.
