10-Dec-2022 11:37:35.133 INFO [main] org.apache.catalina.core.ApplicationContext.log ContextListener: contextInitialized()
10-Dec-2022 11:37:35.133 INFO [main] org.apache.catalina.core.ApplicationContext.log SessionListener: contextInitialized()
10-Dec-2022 11:37:35.134 INFO [main] org.apache.catalina.core.ApplicationContext.log ContextListener: attributeAdded('StockTicker', 'async.Stockticker@5ac86ba5')
10-Dec-2022 11:39:10.661 INFO [Thread-1] org.apache.catalina.core.ApplicationContext.log SessionListener: contextDestroyed()
10-Dec-2022 11:39:10.661 INFO [Thread-1] org.apache.catalina.core.ApplicationContext.log ContextListener: contextDestroyed()
10-Dec-2022 11:46:41.739 INFO [main] org.apache.catalina.core.ApplicationContext.log ContextListener: contextInitialized()
10-Dec-2022 11:46:41.739 INFO [main] org.apache.catalina.core.ApplicationContext.log SessionListener: contextInitialized()
10-Dec-2022 11:46:41.744 INFO [main] org.apache.catalina.core.ApplicationContext.log ContextListener: attributeAdded('StockTicker', 'async.Stockticker@6a988392')
10-Dec-2022 11:48:40.865 INFO [Thread-1] org.apache.catalina.core.ApplicationContext.log SessionListener: contextDestroyed()
10-Dec-2022 11:48:40.865 INFO [Thread-1] org.apache.catalina.core.ApplicationContext.log ContextListener: contextDestroyed()
10-Dec-2022 11:49:03.579 INFO [main] org.apache.catalina.core.ApplicationContext.log ContextListener: contextInitialized()
10-Dec-2022 11:49:03.579 INFO [main] org.apache.catalina.core.ApplicationContext.log SessionListener: contextInitialized()
10-Dec-2022 11:49:03.584 INFO [main] org.apache.catalina.core.ApplicationContext.log ContextListener: attributeAdded('StockTicker', 'async.Stockticker@6c67e137')
10-Dec-2022 11:51:02.731 INFO [Thread-1] org.apache.catalina.core.ApplicationContext.log SessionListener: contextDestroyed()
10-Dec-2022 11:51:02.731 INFO [Thread-1] org.apache.catalina.core.ApplicationContext.log ContextListener: contextDestroyed()
10-Dec-2022 11:51:13.128 INFO [main] org.apache.catalina.core.ApplicationContext.log ContextListener: contextInitialized()
10-Dec-2022 11:51:13.129 INFO [main] org.apache.catalina.core.ApplicationContext.log SessionListener: contextInitialized()
10-Dec-2022 11:51:13.129 INFO [main] org.apache.catalina.core.ApplicationContext.log ContextListener: attributeAdded('StockTicker', 'async.Stockticker@533b266e')
10-Dec-2022 11:52:58.476 INFO [Thread-1] org.apache.catalina.core.ApplicationContext.log SessionListener: contextDestroyed()
10-Dec-2022 11:52:58.476 INFO [Thread-1] org.apache.catalina.core.ApplicationContext.log ContextListener: contextDestroyed()
10-Dec-2022 11:53:25.339 INFO [main] org.apache.catalina.core.ApplicationContext.log ContextListener: contextInitialized()
10-Dec-2022 11:53:25.339 INFO [main] org.apache.catalina.core.ApplicationContext.log SessionListener: contextInitialized()
10-Dec-2022 11:53:25.339 INFO [main] org.apache.catalina.core.ApplicationContext.log ContextListener: attributeAdded('StockTicker', 'async.Stockticker@184497d1')
10-Dec-2022 11:55:24.532 INFO [Thread-1] org.apache.catalina.core.ApplicationContext.log SessionListener: contextDestroyed()
10-Dec-2022 11:55:24.532 INFO [Thread-1] org.apache.catalina.core.ApplicationContext.log ContextListener: contextDestroyed()
